<?xml version="1.0" encoding="UTF-8"?>
<testng-results ignored="0" total="1" passed="1" failed="0" skipped="0">
  <reporter-output>
  </reporter-output>
  <suite started-at="2022-05-05T07:56:39 IST" name="Default suite" finished-at="2022-05-05T07:56:46 IST" duration-ms="7468">
    <groups>
    </groups>
    <test started-at="2022-05-05T07:56:39 IST" name="Default test" finished-at="2022-05-05T07:56:46 IST" duration-ms="7468">
      <class name="testing.logintest">
        <test-method is-config="true" signature="browser_initia()[pri:0, instance:testing.logintest@209da20d]" started-at="2022-05-05T07:56:30 IST" name="browser_initia" finished-at="2022-05-05T07:56:39 IST" duration-ms="8637" status="PASS">
          <reporter-output>
          </reporter-output>
        </test-method> <!-- browser_initia -->
        <test-method is-config="true" signature="reporter()[pri:0, instance:testing.logintest@209da20d]" started-at="2022-05-05T07:56:39 IST" name="reporter" finished-at="2022-05-05T07:56:39 IST" duration-ms="174" status="PASS">
          <reporter-output>
          </reporter-output>
        </test-method> <!-- reporter -->
        <test-method is-config="true" signature="ExcelConnect()[pri:0, instance:testing.logintest@209da20d]" started-at="2022-05-05T07:56:39 IST" name="ExcelConnect" finished-at="2022-05-05T07:56:40 IST" depends-on-methods="com.f1.reporter.reporter" duration-ms="1275" status="PASS">
          <reporter-output>
          </reporter-output>
        </test-method> <!-- ExcelConnect -->
        <test-method is-config="true" signature="result()[pri:0, instance:testing.logintest@209da20d]" started-at="2022-05-05T07:56:40 IST" name="result" finished-at="2022-05-05T07:56:40 IST" duration-ms="2" status="PASS">
          <reporter-output>
          </reporter-output>
        </test-method> <!-- result -->
        <test-method signature="tc1()[pri:1, instance:testing.logintest@209da20d]" started-at="2022-05-05T07:56:40 IST" name="tc1" description="verify login is succsesful with valid credential" finished-at="2022-05-05T07:56:46 IST" duration-ms="5792" status="PASS">
          <reporter-output>
          </reporter-output>
        </test-method> <!-- tc1 -->
        <test-method is-config="true" signature="endtest()[pri:0, instance:testing.logintest@209da20d]" started-at="2022-05-05T07:56:46 IST" name="endtest" finished-at="2022-05-05T07:56:46 IST" duration-ms="200" status="PASS">
          <reporter-output>
          </reporter-output>
        </test-method> <!-- endtest -->
        <test-method is-config="true" signature="teardown()[pri:0, instance:testing.logintest@209da20d]" started-at="2022-05-05T07:56:46 IST" name="teardown" finished-at="2022-05-05T07:56:47 IST" duration-ms="592" status="PASS">
          <reporter-output>
          </reporter-output>
        </test-method> <!-- teardown -->
      </class> <!-- testing.logintest -->
    </test> <!-- Default test -->
  </suite> <!-- Default suite -->
</testng-results>
